<?xml version="1.0" encoding="UTF-8"?>
<testng-results ignored="0" total="2" passed="1" failed="1" skipped="0">
  <reporter-output>
  </reporter-output>
  <suite started-at="2021-05-19T08:56:34 BST" name="Default suite" finished-at="2021-05-19T08:57:19 BST" duration-ms="45586">
    <groups>
    </groups>
    <test started-at="2021-05-19T08:56:34 BST" name="Default test" finished-at="2021-05-19T08:57:19 BST" duration-ms="45586">
      <class name="com.openMRS.tests.LoginTest">
        <test-method is-config="true" signature="beforeSuite()[pri:0, instance:com.openMRS.tests.LoginTest@4c1d9d4b]" started-at="2021-05-19T08:56:33 BST" name="beforeSuite" finished-at="2021-05-19T08:56:34 BST" duration-ms="190" status="PASS">
          <reporter-output>
          </reporter-output>
        </test-method> <!-- beforeSuite -->
        <test-method is-config="true" signature="initTest()[pri:0, instance:com.openMRS.tests.LoginTest@4c1d9d4b]" started-at="2021-05-19T08:56:34 BST" name="initTest" finished-at="2021-05-19T08:56:46 BST" duration-ms="11942" status="PASS">
          <reporter-output>
          </reporter-output>
        </test-method> <!-- initTest -->
        <test-method is-config="true" signature="initPages(org.testng.ITestResult)[pri:0, instance:com.openMRS.tests.LoginTest@4c1d9d4b]" started-at="2021-05-19T08:56:46 BST" name="initPages" finished-at="2021-05-19T08:56:46 BST" duration-ms="57" status="PASS">
          <params>
            <param index="0">
              <value>
                <![CDATA[[TestResult name={null} status=CREATED method=LoginTest.testInvalidLogin()[pri:0, instance:com.openMRS.tests.LoginTest@4c1d9d4b] output={null}]]]>
              </value>
            </param>
          </params>
          <reporter-output>
          </reporter-output>
        </test-method> <!-- initPages -->
        <test-method signature="testInvalidLogin()[pri:0, instance:com.openMRS.tests.LoginTest@4c1d9d4b]" started-at="2021-05-19T08:56:46 BST" name="testInvalidLogin" description="Verify Invalid login with valid credentials" finished-at="2021-05-19T08:57:05 BST" duration-ms="19227" status="FAIL">
          <exception class="java.lang.AssertionError">
            <message>
              <![CDATA[expected [My account - My Store] but found [Login - My Store]]]>
            </message>
            <full-stacktrace>
              <![CDATA[java.lang.AssertionError: expected [My account - My Store] but found [Login - My Store]
at org.testng.Assert.fail(Assert.java:99)
at org.testng.Assert.failNotEquals(Assert.java:1037)
at org.testng.Assert.assertEqualsImpl(Assert.java:140)
at org.testng.Assert.assertEquals(Assert.java:122)
at org.testng.Assert.assertEquals(Assert.java:629)
at org.testng.Assert.assertEquals(Assert.java:639)
at com.openMRS.tests.LoginTest.testInvalidLogin(LoginTest.java:60)
at java.base/jdk.internal.reflect.NativeMethodAccessorImpl.invoke0(Native Method)
at java.base/jdk.internal.reflect.NativeMethodAccessorImpl.invoke(NativeMethodAccessorImpl.java:62)
at java.base/jdk.internal.reflect.DelegatingMethodAccessorImpl.invoke(DelegatingMethodAccessorImpl.java:43)
at java.base/java.lang.reflect.Method.invoke(Method.java:564)
at org.testng.internal.MethodInvocationHelper.invokeMethod(MethodInvocationHelper.java:132)
at org.testng.internal.TestInvoker.invokeMethod(TestInvoker.java:599)
at org.testng.internal.TestInvoker.invokeTestMethod(TestInvoker.java:174)
at org.testng.internal.MethodRunner.runInSequence(MethodRunner.java:46)
at org.testng.internal.TestInvoker$MethodInvocationAgent.invoke(TestInvoker.java:822)
at org.testng.internal.TestInvoker.invokeTestMethods(TestInvoker.java:147)
at org.testng.internal.TestMethodWorker.invokeTestMethods(TestMethodWorker.java:146)
at org.testng.internal.TestMethodWorker.run(TestMethodWorker.java:128)
at java.base/java.util.ArrayList.forEach(ArrayList.java:1511)
at org.testng.TestRunner.privateRun(TestRunner.java:764)
at org.testng.TestRunner.run(TestRunner.java:585)
at org.testng.SuiteRunner.runTest(SuiteRunner.java:384)
at org.testng.SuiteRunner.runSequentially(SuiteRunner.java:378)
at org.testng.SuiteRunner.privateRun(SuiteRunner.java:337)
at org.testng.SuiteRunner.run(SuiteRunner.java:286)
at org.testng.SuiteRunnerWorker.runSuite(SuiteRunnerWorker.java:53)
at org.testng.SuiteRunnerWorker.run(SuiteRunnerWorker.java:96)
at org.testng.TestNG.runSuitesSequentially(TestNG.java:1218)
at org.testng.TestNG.runSuitesLocally(TestNG.java:1140)
at org.testng.TestNG.runSuites(TestNG.java:1069)
at org.testng.TestNG.run(TestNG.java:1037)
at org.testng.remote.AbstractRemoteTestNG.run(AbstractRemoteTestNG.java:115)
at org.testng.remote.RemoteTestNG.initAndRun(RemoteTestNG.java:251)
at org.testng.remote.RemoteTestNG.main(RemoteTestNG.java:77)
]]>
            </full-stacktrace>
          </exception> <!-- java.lang.AssertionError -->
          <reporter-output>
          </reporter-output>
        </test-method> <!-- testInvalidLogin -->
        <test-method is-config="true" signature="afterMethod(org.testng.ITestResult)[pri:0, instance:com.openMRS.tests.LoginTest@4c1d9d4b]" started-at="2021-05-19T08:57:05 BST" name="afterMethod" finished-at="2021-05-19T08:57:05 BST" duration-ms="443" status="PASS">
          <params>
            <param index="0">
              <value>
                <![CDATA[[TestResult name=testInvalidLogin status=FAILURE method=LoginTest.testInvalidLogin()[pri:0, instance:com.openMRS.tests.LoginTest@4c1d9d4b] output={null}]]]>
              </value>
            </param>
          </params>
          <reporter-output>
          </reporter-output>
        </test-method> <!-- afterMethod -->
        <test-method is-config="true" signature="initPages(org.testng.ITestResult)[pri:0, instance:com.openMRS.tests.LoginTest@4c1d9d4b]" started-at="2021-05-19T08:57:05 BST" name="initPages" finished-at="2021-05-19T08:57:05 BST" duration-ms="0" status="PASS">
          <params>
            <param index="0">
              <value>
                <![CDATA[[TestResult name={null} status=CREATED method=LoginTest.testValidLogin()[pri:0, instance:com.openMRS.tests.LoginTest@4c1d9d4b] output={null}]]]>
              </value>
            </param>
          </params>
          <reporter-output>
          </reporter-output>
        </test-method> <!-- initPages -->
        <test-method signature="testValidLogin()[pri:0, instance:com.openMRS.tests.LoginTest@4c1d9d4b]" started-at="2021-05-19T08:57:05 BST" name="testValidLogin" description="Verify login passing valid credentials" finished-at="2021-05-19T08:57:19 BST" duration-ms="13716" status="PASS">
          <reporter-output>
          </reporter-output>
        </test-method> <!-- testValidLogin -->
        <test-method is-config="true" signature="afterMethod(org.testng.ITestResult)[pri:0, instance:com.openMRS.tests.LoginTest@4c1d9d4b]" started-at="2021-05-19T08:57:19 BST" name="afterMethod" finished-at="2021-05-19T08:57:19 BST" duration-ms="1" status="PASS">
          <params>
            <param index="0">
              <value>
                <![CDATA[[TestResult name=testValidLogin status=SUCCESS method=LoginTest.testValidLogin()[pri:0, instance:com.openMRS.tests.LoginTest@4c1d9d4b] output={null}]]]>
              </value>
            </param>
          </params>
          <reporter-output>
          </reporter-output>
        </test-method> <!-- afterMethod -->
        <test-method is-config="true" signature="quit()[pri:0, instance:com.openMRS.tests.LoginTest@4c1d9d4b]" started-at="2021-05-19T08:57:19 BST" name="quit" finished-at="2021-05-19T08:57:19 BST" duration-ms="169" status="PASS">
          <reporter-output>
          </reporter-output>
        </test-method> <!-- quit -->
        <test-method is-config="true" signature="closeReports()[pri:0, instance:com.openMRS.tests.LoginTest@4c1d9d4b]" started-at="2021-05-19T08:57:24 BST" name="closeReports" finished-at="2021-05-19T08:57:25 BST" duration-ms="357" status="PASS">
          <reporter-output>
          </reporter-output>
        </test-method> <!-- closeReports -->
      </class> <!-- com.openMRS.tests.LoginTest -->
    </test> <!-- Default test -->
  </suite> <!-- Default suite -->
</testng-results>
